<?xml version="1.0" encoding="UTF-8"?>
<!-- Generated by org.testng.reporters.JUnitXMLReporter -->
<testsuite ignored="0" hostname="DESKTOP-EG55F5O" failures="0" tests="14" name="Surefire test" time="35.595" errors="0" timestamp="2024-06-30T17:40:33 IST">
  <testcase classname="api.test.DDTests" name="testPostuser" time="4.152"/>
  <testcase classname="api.test.DDTests" name="testPostuser" time="2.214"/>
  <testcase classname="api.test.DDTests" name="testPostuser" time="1.919"/>
  <testcase classname="api.test.DDTests" name="testPostuser" time="2.264"/>
  <testcase classname="api.test.DDTests" name="testPostuser" time="2.214"/>
  <testcase classname="api.test.DDTests" name="testDeleteUserByName" time="2.167"/>
  <testcase classname="api.test.DDTests" name="testDeleteUserByName" time="1.916"/>
  <testcase classname="api.test.DDTests" name="testDeleteUserByName" time="1.954"/>
  <testcase classname="api.test.DDTests" name="testDeleteUserByName" time="2.208"/>
  <testcase classname="api.test.DDTests" name="testDeleteUserByName" time="2.236"/>
  <testcase classname="api.test.UserTests" name="testPostUser" time="1.834"/>
  <testcase classname="api.test.UserTests" name="testGetUserByName" time="1.904"/>
  <testcase classname="api.test.UserTests" name="testUpdateUserByName" time="4.081"/>
  <testcase classname="api.test.UserTests" name="testDeleteUserByName" time="2.623"/>
</testsuite> <!-- Surefire test -->
