<?xml version="1.0" encoding="UTF-8"?>
<!-- Generated by org.testng.reporters.JUnitXMLReporter -->
<testsuite ignored="0" hostname="DESKTOP-EG55F5O" failures="0" tests="10" name="Default test" time="20.249" errors="0" timestamp="2024-06-29T20:50:42 IST">
  <testcase classname="api.test.DDTests" name="testPostuser" time="3.922"/>
  <testcase classname="api.test.DDTests" name="testPostuser" time="1.577"/>
  <testcase classname="api.test.DDTests" name="testPostuser" time="1.601"/>
  <testcase classname="api.test.DDTests" name="testPostuser" time="1.6"/>
  <testcase classname="api.test.DDTests" name="testPostuser" time="1.598"/>
  <testcase classname="api.test.DDTests" name="testDeleteUserByName" time="1.845"/>
  <testcase classname="api.test.DDTests" name="testDeleteUserByName" time="1.596"/>
  <testcase classname="api.test.DDTests" name="testDeleteUserByName" time="1.6"/>
  <testcase classname="api.test.DDTests" name="testDeleteUserByName" time="1.598"/>
  <testcase classname="api.test.DDTests" name="testDeleteUserByName" time="1.599"/>
</testsuite> <!-- Default test -->
