<?xml version="1.0" encoding="UTF-8"?>
<testsuite xmlns:xsi="http://www.w3.org/2001/XMLSchema-instance" xsi:noNamespaceSchemaLocation="https://maven.apache.org/surefire/maven-surefire-plugin/xsd/surefire-test-report.xsd" version="3.0.1" name="TestSuite" time="35.976" tests="14" errors="0" skipped="0" failures="0">
  <properties>
[...]
</properties>
  <testcase name="testPostuser[1010, testuser1, John, Canedy, a.@gmail.com, test@1, 123456789](1)" classname="api.test.DDTests" time="4.15">
    <system-err><![CDATA[SLF4J(W): No SLF4J providers were found.
SLF4J(W): Defaulting to no-operation (NOP) logger implementation
SLF4J(W): See https://www.slf4j.org/codes.html#noProviders for further details.
]]></system-err>
  </testcase>
  <testcase name="testPostuser[1020, testuser2, Kim, Kom, b.@gmail.com, test@2, 123456789](2)" classname="api.test.DDTests" time="2.213"/>
  <testcase name="testPostuser[1030, testuser3, Scott, smith, c.@gmail.com, test@3, 123456789](3)" classname="api.test.DDTests" time="1.919"/>
  <testcase name="testPostuser[1040, testuser4, David, steve, d.@gmail.com, test@4, 123456789](4)" classname="api.test.DDTests" time="2.264"/>
  <testcase name="testPostuser[1050, testuser5, Mary, dom, e.@gmail.com, test@5, 123456789](5)" classname="api.test.DDTests" time="2.215"/>
  <testcase name="testDeleteUserByName[testuser1](1)" classname="api.test.DDTests" time="2.167"/>
  <testcase name="testDeleteUserByName[testuser2](2)" classname="api.test.DDTests" time="1.917"/>
  <testcase name="testDeleteUserByName[testuser3](3)" classname="api.test.DDTests" time="1.954"/>
  <testcase name="testDeleteUserByName[testuser4](4)" classname="api.test.DDTests" time="2.209"/>
  <testcase name="testDeleteUserByName[testuser5](5)" classname="api.test.DDTests" time="2.237"/>
  <testcase name="testPostUser" classname="api.test.UserTests" time="1.838">
    <system-out><![CDATA[HTTP/1.1 200 OK
Date: Sun, 30 Jun 2024 12:10:23 GMT
Content-Type: application/json
Transfer-Encoding: chunked
Connection: keep-alive
Access-Control-Allow-Origin: *
Access-Control-Allow-Methods: GET, POST, DELETE, PUT
Access-Control-Allow-Headers: Content-Type, api_key, Authorization
Server: Jetty(9.2.9.v20150224)

{
    "code": 200,
    "type": "unknown",
    "message": "1421545876"
}
]]></system-out>
  </testcase>
  <testcase name="testGetUserByName" classname="api.test.UserTests" time="1.906">
    <system-out><![CDATA[HTTP/1.1 200 OK
Date: Sun, 30 Jun 2024 12:10:25 GMT
Content-Type: application/json
Transfer-Encoding: chunked
Connection: keep-alive
Access-Control-Allow-Origin: *
Access-Control-Allow-Methods: GET, POST, DELETE, PUT
Access-Control-Allow-Headers: Content-Type, api_key, Authorization
Server: Jetty(9.2.9.v20150224)

{
    "id": 1421545876,
    "username": "sherell.ryan",
    "firstName": "Nigel",
    "lastName": "Abernathy",
    "email": "jesus.abernathy@example.com",
    "password": "e5rytgfc6",
    "phone": "1-723-134-5872",
    "userStatus": 0
}
HTTP/1.1 200 OK
Date: Sun, 30 Jun 2024 12:10:25 GMT
Content-Type: application/json
Transfer-Encoding: chunked
Connection: keep-alive
Access-Control-Allow-Origin: *
Access-Control-Allow-Methods: GET, POST, DELETE, PUT
Access-Control-Allow-Headers: Content-Type, api_key, Authorization
Server: Jetty(9.2.9.v20150224)

{
    "id": 1421545876,
    "username": "sherell.ryan",
    "firstName": "Nigel",
    "lastName": "Abernathy",
    "email": "jesus.abernathy@example.com",
    "password": "e5rytgfc6",
    "phone": "1-723-134-5872",
    "userStatus": 0
}
]]></system-out>
  </testcase>
  <testcase name="testUpdateUserByName" classname="api.test.UserTests" time="4.076">
    <system-out><![CDATA[{
    "code": 200,
    "type": "unknown",
    "message": "1421545876"
}
]]></system-out>
  </testcase>
  <testcase name="testDeleteUserByName" classname="api.test.UserTests" time="2.625"/>
</testsuite>