<?xml version="1.0" encoding="UTF-8"?>
<testng-results ignored="0" total="4" passed="4" failed="0" skipped="0">
  <reporter-output>
  </reporter-output>
  <suite started-at="2024-06-30T16:59:24 IST" name="TestSuite" finished-at="2024-06-30T16:59:37 IST" duration-ms="13267">
    <groups>
    </groups>
    <test started-at="2024-06-30T16:59:24 IST" name="PetTest" finished-at="2024-06-30T16:59:37 IST" duration-ms="13267">
      <class name="api.test.UserTests2">
        <test-method is-config="true" signature="setupData()[pri:0, instance:api.test.UserTests2@6a6cb05c]" started-at="2024-06-30T16:59:24 IST" name="setupData" finished-at="2024-06-30T16:59:25 IST" duration-ms="823" status="PASS">
          <reporter-output>
          </reporter-output>
        </test-method> <!-- setupData -->
        <test-method signature="testPostUser()[pri:1, instance:api.test.UserTests2@6a6cb05c]" started-at="2024-06-30T16:59:25 IST" name="testPostUser" finished-at="2024-06-30T16:59:30 IST" duration-ms="4535" status="PASS">
          <reporter-output>
          </reporter-output>
        </test-method> <!-- testPostUser -->
        <test-method signature="testGetUserByName()[pri:2, instance:api.test.UserTests2@6a6cb05c]" started-at="2024-06-30T16:59:30 IST" name="testGetUserByName" finished-at="2024-06-30T16:59:31 IST" duration-ms="1696" status="PASS">
          <reporter-output>
          </reporter-output>
        </test-method> <!-- testGetUserByName -->
        <test-method signature="testUpdateUserByName()[pri:3, instance:api.test.UserTests2@6a6cb05c]" started-at="2024-06-30T16:59:31 IST" name="testUpdateUserByName" finished-at="2024-06-30T16:59:35 IST" duration-ms="3602" status="PASS">
          <reporter-output>
          </reporter-output>
        </test-method> <!-- testUpdateUserByName -->
        <test-method signature="testDeleteUserByName()[pri:4, instance:api.test.UserTests2@6a6cb05c]" started-at="2024-06-30T16:59:35 IST" name="testDeleteUserByName" finished-at="2024-06-30T16:59:37 IST" duration-ms="2257" status="PASS">
          <reporter-output>
          </reporter-output>
        </test-method> <!-- testDeleteUserByName -->
      </class> <!-- api.test.UserTests2 -->
    </test> <!-- PetTest -->
  </suite> <!-- TestSuite -->
</testng-results>
