<?xml version="1.0" encoding="UTF-8"?>
<!-- Generated by org.testng.reporters.JUnitXMLReporter -->
<testsuite ignored="0" hostname="DESKTOP-EG55F5O" failures="0" tests="4" name="PetTest" time="13.267" errors="0" timestamp="2024-06-30T16:59:37 IST">
  <testcase classname="api.test.UserTests2" name="testPostUser" time="4.535"/>
  <testcase classname="api.test.UserTests2" name="testGetUserByName" time="1.696"/>
  <testcase classname="api.test.UserTests2" name="testUpdateUserByName" time="3.602"/>
  <testcase classname="api.test.UserTests2" name="testDeleteUserByName" time="2.257"/>
</testsuite> <!-- PetTest -->
